{
  "RSpec": {
    "coverage": {
      "/Users/freddie/Documents/week10/Bank_Test/spec/bank_spec.rb": [
        1,
        null,
        1,
        9,
        1,
        1,
        1,
        null,
        null,
        1,
        1,
        1,
        null,
        null,
        1,
        1,
        1,
        null,
        null,
        null,
        1,
        1,
        1,
        1,
        null,
        null,
        1,
        1,
        1,
        null,
        null,
        1,
        1,
        1,
        1,
        null,
        null,
        null,
        1,
        1,
        1,
        1,
        2,
        null,
        null,
        1,
        1,
        1,
        1,
        2,
        null,
        null,
        null
      ],
      "/Users/freddie/Documents/week10/Bank_Test/lib/bank.rb": [
        1,
        1,
        1,
        1,
        null,
        1,
        8,
        8,
        null,
        null,
        1,
        8,
        8,
        null,
        null,
        1,
        2,
        null,
        null,
        null,
        null,
        null,
        null,
        null,
        null
      ],
      "/Users/freddie/Documents/week10/Bank_Test/lib/transaction.rb": [
        1,
        1,
        null,
        1,
        13,
        13,
        13,
        null,
        null,
        1,
        5,
        3,
        null,
        2,
        null,
        null,
        null,
        null
      ],
      "/Users/freddie/Documents/week10/Bank_Test/lib/statement.rb": [
        1,
        1,
        5,
        null,
        null,
        1,
        2,
        2,
        null,
        null,
        1,
        3,
        null,
        null,
        1,
        2,
        3,
        null,
        null,
        null,
        null
      ],
      "/Users/freddie/Documents/week10/Bank_Test/spec/statement_spec.rb": [
        1,
        null,
        1,
        4,
        null,
        1,
        1,
        null,
        null,
        1,
        1,
        null,
        null,
        1,
        1,
        2,
        null,
        null
      ],
      "/Users/freddie/Documents/week10/Bank_Test/spec/transaction_spec.rb": [
        1,
        null,
        1,
        5,
        2,
        null,
        1,
        1,
        null,
        null,
        1,
        1,
        null,
        null,
        1,
        1,
        null,
        null,
        1,
        1,
        null,
        null,
        1,
        1,
        null,
        null
      ]
    },
    "timestamp": 1507047980
  }
}
