{
  "RSpec": {
    "coverage": {
      "/Users/freddie/Desktop/tech_tests/Bank_Test/spec/bank_spec.rb": [
        1,
        null,
        1,
        10,
        1,
        1,
        1,
        null,
        null,
        1,
        1,
        1,
        null,
        null,
        1,
        1,
        1,
        null,
        null,
        null,
        1,
        1,
        1,
        1,
        null,
        null,
        1,
        1,
        1,
        null,
        null,
        1,
        1,
        1,
        1,
        null,
        null,
        null,
        1,
        1,
        1,
        1,
        2,
        null,
        null,
        1,
        1,
        1,
        1,
        2,
        null,
        null,
        1,
        1,
        1,
        1,
        1,
        2,
        null,
        null,
        null
      ],
      "/Users/freddie/Desktop/tech_tests/Bank_Test/lib/bank.rb": [
        1,
        1,
        1,
        1,
        null,
        1,
        10,
        10,
        null,
        null,
        1,
        14,
        14,
        null,
        null,
        1,
        4,
        4,
        null,
        null,
        null,
        1,
        1,
        1,
        1,
        1
      ],
      "/Users/freddie/Desktop/tech_tests/Bank_Test/lib/transaction.rb": [
        1,
        1,
        null,
        1,
        19,
        19,
        19,
        null,
        null,
        1,
        11,
        7,
        null,
        4,
        null,
        null,
        null,
        null
      ],
      "/Users/freddie/Desktop/tech_tests/Bank_Test/lib/statement.rb": [
        1,
        1,
        null,
        1,
        5,
        null,
        null,
        1,
        4,
        4,
        null,
        null,
        1,
        null,
        1,
        4,
        null,
        null,
        1,
        4,
        9,
        null,
        null,
        null,
        1,
        9,
        9,
        3,
        null,
        6,
        null,
        null,
        null,
        1,
        3,
        null,
        null,
        1,
        6,
        null,
        null,
        null
      ],
      "/Users/freddie/Desktop/tech_tests/Bank_Test/spec/statement_spec.rb": [
        1,
        null,
        1,
        2,
        null,
        1,
        1,
        null,
        null,
        1,
        0,
        null,
        null,
        1,
        0,
        0,
        null,
        null
      ],
      "/Users/freddie/Desktop/tech_tests/Bank_Test/spec/transaction_spec.rb": [
        1,
        null,
        1,
        5,
        2,
        null,
        1,
        1,
        null,
        null,
        1,
        1,
        null,
        null,
        1,
        1,
        null,
        null,
        1,
        1,
        null,
        null,
        1,
        1,
        null,
        null
      ]
    },
    "timestamp": 1507158705
  }
}
